########### array before sorts ###########
0	0.000000	-12.000000	27.000000	-12.000000	n
1	27.000000	-12.000000	27.000000	-1.000000	n
2	27.000000	-1.000000	75.000000	-1.000000	n
3	75.000000	-1.000000	75.000000	55.000000	n
4	75.000000	55.000000	0.000000	55.000000	n
5	0.000000	55.000000	0.000000	-12.000000	n
Tolerance=0.050000.
*Exact match for i=0 and j=1.
*i point 0.000000	-12.000000	27.000000	-12.000000	y
*Exact match for i=1 and j=2.
*i point 27.000000	-12.000000	27.000000	-1.000000	y
*Exact match for i=2 and j=3.
*i point 27.000000	-1.000000	75.000000	-1.000000	y
*Exact match for i=3 and j=4.
*i point 75.000000	-1.000000	75.000000	55.000000	y
*Exact match for i=4 and j=5.
*i point 75.000000	55.000000	0.000000	55.000000	y
########### array after sorts ###########
0	0.000000	-12.000000	27.000000	-12.000000	y
1	27.000000	-12.000000	27.000000	-1.000000	y
2	27.000000	-1.000000	75.000000	-1.000000	y
3	75.000000	-1.000000	75.000000	55.000000	y
4	75.000000	55.000000	0.000000	55.000000	y
5	0.000000	55.000000	0.000000	-12.000000	y
***************
.BOARD_OUTLINE UNOWNED
1.6
0     0.000000     -12.000000     0
0     27.000000     -12.000000     0
0     27.000000     -1.000000     0
0     75.000000     -1.000000     0
0     75.000000     55.000000     0
0     0.000000     55.000000     0
0     0.000000     -12.000000     0
